2024-11-13 13:01:58,545 - INFO - Starting Flask app...
2024-11-13 13:01:59,874 - INFO - Starting Flask app...
2024-11-13 13:02:50,134 - INFO - Request Path: /, Method: GET, Args: ImmutableMultiDict([]), User: None
2024-11-13 13:02:50,135 - INFO - Accessed welcome page.
2024-11-13 13:02:51,207 - INFO - Request Path: /favicon.ico, Method: GET, Args: ImmutableMultiDict([]), User: None
2024-11-13 13:02:54,756 - INFO - Request Path: /student_login, Method: GET, Args: ImmutableMultiDict([]), User: None
2024-11-13 13:03:52,063 - INFO - Request Path: /student_login, Method: POST, Args: ImmutableMultiDict([]), User: None
2024-11-13 13:03:52,190 - INFO - Student 'Sumit Jaidka' logged in.
2024-11-13 13:03:52,207 - INFO - Request Path: /student_dashboard, Method: GET, Args: ImmutableMultiDict([]), User: sumitjaidka786@gmail.com
2024-11-13 13:03:52,209 - INFO - Accessed student dashboard. Available assignments: ['AssignmentID', 'DSA', 'DSA2', 'DSA3', 'DSA_4', 'DSA_5', 'DSA_7', 'Hello', 'hhh']
2024-11-13 13:04:01,655 - INFO - Request Path: /view_assignment/Hello, Method: GET, Args: ImmutableMultiDict([]), User: sumitjaidka786@gmail.com
2024-11-13 13:04:01,679 - INFO - Viewing assignment 'Hello'. Number of questions: 1
2024-11-13 13:04:09,550 - INFO - Request Path: /view_assignment/DSA, Method: GET, Args: ImmutableMultiDict([]), User: sumitjaidka786@gmail.com
2024-11-13 13:04:09,622 - INFO - Viewing assignment 'DSA'. Number of questions: 2
2024-11-13 13:04:37,459 - INFO - Request Path: /, Method: GET, Args: ImmutableMultiDict([]), User: sumitjaidka786@gmail.com
2024-11-13 13:04:37,459 - INFO - Accessed welcome page.
2024-11-13 13:04:38,641 - INFO - Request Path: /teacher_login, Method: GET, Args: ImmutableMultiDict([]), User: sumitjaidka786@gmail.com
2024-11-13 13:04:38,642 - INFO - Accessed teacher login page.
2024-11-13 13:04:49,236 - INFO - Request Path: /teacher_dashboard, Method: POST, Args: ImmutableMultiDict([]), User: sumitjaidka786@gmail.com
2024-11-13 13:04:49,237 - INFO - Teacher dashboard accessed with POST method.
2024-11-13 13:04:57,673 - INFO - Request Path: /create_assignment, Method: GET, Args: ImmutableMultiDict([]), User: sumitjaidka786@gmail.com
2024-11-13 13:05:06,915 - INFO - Request Path: /student_login, Method: GET, Args: ImmutableMultiDict([]), User: sumitjaidka786@gmail.com
2024-11-13 13:05:15,150 - INFO - Request Path: /student_login, Method: POST, Args: ImmutableMultiDict([]), User: sumitjaidka786@gmail.com
2024-11-13 13:05:15,156 - INFO - Student 'Sumit Jaidka' logged in.
2024-11-13 13:05:15,170 - INFO - Request Path: /student_dashboard, Method: GET, Args: ImmutableMultiDict([]), User: sumitjaidka786@gmail.com
2024-11-13 13:05:15,171 - INFO - Accessed student dashboard. Available assignments: ['AssignmentID', 'DSA', 'DSA2', 'DSA3', 'DSA_4', 'DSA_5', 'DSA_7', 'Hello', 'hhh']
2024-11-13 13:05:19,315 - INFO - Request Path: /view_assignment/Hello, Method: GET, Args: ImmutableMultiDict([]), User: sumitjaidka786@gmail.com
2024-11-13 13:05:19,316 - INFO - Viewing assignment 'Hello'. Number of questions: 1
2024-11-13 13:13:37,112 - INFO - Request Path: /student_login, Method: GET, Args: ImmutableMultiDict([]), User: sumitjaidka786@gmail.com
2024-11-13 13:14:24,350 - INFO - Request Path: /student_login, Method: POST, Args: ImmutableMultiDict([]), User: sumitjaidka786@gmail.com
2024-11-13 13:14:24,353 - INFO - Student 'Sayan Saha' logged in.
2024-11-13 13:14:24,377 - INFO - Request Path: /student_dashboard, Method: GET, Args: ImmutableMultiDict([]), User: sayan.saha.mtb.736146@gmail.com
2024-11-13 13:14:24,378 - INFO - Accessed student dashboard. Available assignments: ['AssignmentID', 'DSA', 'DSA2', 'DSA3', 'DSA_4', 'DSA_5', 'DSA_7', 'Hello', 'hhh']
2024-11-13 13:14:26,919 - INFO - Request Path: /view_assignment/DSA2, Method: GET, Args: ImmutableMultiDict([]), User: sayan.saha.mtb.736146@gmail.com
2024-11-13 13:14:26,998 - INFO - Viewing assignment 'DSA2'. Number of questions: 2
2024-11-13 13:14:34,635 - INFO - Request Path: /view_assignment/Hello, Method: GET, Args: ImmutableMultiDict([]), User: sayan.saha.mtb.736146@gmail.com
2024-11-13 13:14:34,646 - INFO - Viewing assignment 'Hello'. Number of questions: 1
2024-11-13 13:17:57,337 - INFO - Request Path: /upload_solutions/Hello, Method: POST, Args: ImmutableMultiDict([]), User: sayan.saha.mtb.736146@gmail.com
2024-11-13 13:17:57,362 - INFO - Uploaded solution for question #1 by student 'Sayan Saha'.
2024-11-13 13:17:57,743 - INFO - Grading scheduled for assignment 'Hello' for student 'sayan.saha.mtb.736146@gmail.com'.
2024-11-13 13:17:57,754 - INFO - Request Path: /view_assignment/Hello, Method: GET, Args: ImmutableMultiDict([]), User: sayan.saha.mtb.736146@gmail.com
2024-11-13 13:17:57,756 - INFO - Viewing assignment 'Hello'. Number of questions: 1
2024-11-13 13:19:00,026 - INFO - Request Path: /upload_solutions/Hello, Method: POST, Args: ImmutableMultiDict([]), User: sayan.saha.mtb.736146@gmail.com
2024-11-13 13:19:00,059 - INFO - Uploaded solution for question #1 by student 'Sayan Saha'.
2024-11-13 13:19:00,328 - INFO - Grading scheduled for assignment 'Hello' for student 'sayan.saha.mtb.736146@gmail.com'.
2024-11-13 13:19:00,337 - INFO - Request Path: /view_assignment/Hello, Method: GET, Args: ImmutableMultiDict([]), User: sayan.saha.mtb.736146@gmail.com
2024-11-13 13:19:00,338 - INFO - Viewing assignment 'Hello'. Number of questions: 1
2024-11-13 13:20:49,122 - INFO - Request Path: /upload_solutions/Hello, Method: POST, Args: ImmutableMultiDict([]), User: sayan.saha.mtb.736146@gmail.com
2024-11-13 13:20:49,131 - INFO - Uploaded solution for question #1 by student 'Sayan Saha'.
2024-11-13 13:20:59,551 - INFO - Request Path: /upload_solutions/Hello, Method: POST, Args: ImmutableMultiDict([]), User: sayan.saha.mtb.736146@gmail.com
2024-11-13 13:20:59,587 - INFO - Uploaded solution for question #1 by student 'Sayan Saha'.
2024-11-13 13:21:00,626 - INFO - Grading scheduled for assignment 'Hello' for student 'sayan.saha.mtb.736146@gmail.com'.
2024-11-13 13:21:10,020 - INFO - Grading scheduled for assignment 'Hello' for student 'sayan.saha.mtb.736146@gmail.com'.
2024-11-13 13:21:10,035 - INFO - Request Path: /view_assignment/Hello, Method: GET, Args: ImmutableMultiDict([]), User: sayan.saha.mtb.736146@gmail.com
2024-11-13 13:21:10,037 - INFO - Viewing assignment 'Hello'. Number of questions: 1
2024-11-13 13:25:53,691 - INFO - Request Path: /upload_solutions/Hello, Method: POST, Args: ImmutableMultiDict([]), User: sayan.saha.mtb.736146@gmail.com
2024-11-13 13:25:53,699 - INFO - Uploaded solution for question #1 by student 'Sayan Saha'.
2024-11-13 13:26:04,491 - INFO - Grading scheduled for assignment 'Hello' for student 'sayan.saha.mtb.736146@gmail.com'.
2024-11-13 13:26:04,504 - INFO - Request Path: /view_assignment/Hello, Method: GET, Args: ImmutableMultiDict([]), User: sayan.saha.mtb.736146@gmail.com
2024-11-13 13:26:04,505 - INFO - Viewing assignment 'Hello'. Number of questions: 1
2024-11-13 13:29:24,361 - INFO - Request Path: /upload_solutions/Hello, Method: POST, Args: ImmutableMultiDict([]), User: sayan.saha.mtb.736146@gmail.com
2024-11-13 13:29:24,374 - INFO - Uploaded solution for question #1 by student 'Sayan Saha'.
2024-11-13 13:29:34,019 - INFO - Grading scheduled for assignment 'Hello' for student 'sayan.saha.mtb.736146@gmail.com'.
2024-11-13 13:29:34,028 - INFO - Request Path: /view_assignment/Hello, Method: GET, Args: ImmutableMultiDict([]), User: sayan.saha.mtb.736146@gmail.com
2024-11-13 13:29:34,029 - INFO - Viewing assignment 'Hello'. Number of questions: 1
2024-11-13 17:11:21,929 - INFO - Request Path: /student_dashboard, Method: GET, Args: ImmutableMultiDict([]), User: sayan.saha.mtb.736146@gmail.com
2024-11-13 17:11:21,931 - INFO - Accessed student dashboard. Available assignments: ['AssignmentID', 'DSA', 'DSA2', 'DSA3', 'DSA_4', 'DSA_5', 'DSA_7', 'Hello', 'hhh']
2024-11-13 17:11:22,710 - INFO - Request Path: /student_login, Method: GET, Args: ImmutableMultiDict([]), User: sayan.saha.mtb.736146@gmail.com
2024-11-13 17:11:30,404 - INFO - Request Path: /, Method: GET, Args: ImmutableMultiDict([]), User: sayan.saha.mtb.736146@gmail.com
2024-11-13 17:11:30,405 - INFO - Accessed welcome page.
2024-11-13 17:13:20,734 - INFO - Request Path: /teacher_login, Method: GET, Args: ImmutableMultiDict([]), User: sayan.saha.mtb.736146@gmail.com
2024-11-13 17:13:20,736 - INFO - Accessed teacher login page.
2024-11-13 17:14:09,099 - INFO - Request Path: /teacher_dashboard, Method: POST, Args: ImmutableMultiDict([]), User: sayan.saha.mtb.736146@gmail.com
2024-11-13 17:14:09,100 - INFO - Teacher dashboard accessed with POST method.
2024-11-13 17:14:28,957 - INFO - Request Path: /create_assignment, Method: GET, Args: ImmutableMultiDict([]), User: sayan.saha.mtb.736146@gmail.com
2024-11-13 17:14:37,084 - INFO - Request Path: /teacher_dashboard, Method: POST, Args: ImmutableMultiDict([]), User: sayan.saha.mtb.736146@gmail.com
2024-11-13 17:14:37,084 - INFO - Teacher dashboard accessed with POST method.
2024-11-13 17:14:41,705 - INFO - Request Path: /create_assignment, Method: GET, Args: ImmutableMultiDict([]), User: sayan.saha.mtb.736146@gmail.com
2024-11-13 17:16:19,101 - INFO - Request Path: /student_login, Method: GET, Args: ImmutableMultiDict([]), User: sayan.saha.mtb.736146@gmail.com
2024-11-13 17:16:26,456 - INFO - Request Path: /student_login, Method: GET, Args: ImmutableMultiDict([]), User: sayan.saha.mtb.736146@gmail.com
2024-11-13 17:16:30,423 - INFO - Request Path: /student_login, Method: POST, Args: ImmutableMultiDict([]), User: sayan.saha.mtb.736146@gmail.com
2024-11-13 17:16:30,432 - INFO - Student 'Sayan Saha' logged in.
2024-11-13 17:16:30,446 - INFO - Request Path: /student_dashboard, Method: GET, Args: ImmutableMultiDict([]), User: sayan.saha.mtb.736146@gmail.com
2024-11-13 17:16:30,448 - INFO - Accessed student dashboard. Available assignments: ['AssignmentID', 'DSA', 'DSA2', 'DSA3', 'DSA_4', 'DSA_5', 'DSA_7', 'Hello', 'hhh']
2024-11-13 17:17:06,035 - INFO - Request Path: /student_login, Method: POST, Args: ImmutableMultiDict([]), User: sayan.saha.mtb.736146@gmail.com
2024-11-13 17:17:06,040 - INFO - Student 'Sayan Saha' logged in.
2024-11-13 17:17:06,060 - INFO - Request Path: /student_dashboard, Method: GET, Args: ImmutableMultiDict([]), User: sayan.saha.mtb.736146@gmail.com
2024-11-13 17:17:06,061 - INFO - Accessed student dashboard. Available assignments: ['AssignmentID', 'DSA', 'DSA2', 'DSA3', 'DSA_4', 'DSA_5', 'DSA_7', 'Hello', 'hhh']
2024-11-13 17:17:18,346 - INFO - Request Path: /view_assignment/AssignmentID, Method: GET, Args: ImmutableMultiDict([]), User: sayan.saha.mtb.736146@gmail.com
2024-11-13 17:17:18,418 - INFO - Viewing assignment 'AssignmentID'. Number of questions: 4
2024-11-13 17:17:56,015 - INFO - Request Path: /view_assignment/DSA3, Method: GET, Args: ImmutableMultiDict([]), User: sayan.saha.mtb.736146@gmail.com
2024-11-13 17:17:56,060 - INFO - Viewing assignment 'DSA3'. Number of questions: 2
2024-11-13 20:44:19,545 - INFO - Starting Flask app...
2024-11-13 20:44:20,310 - INFO - Starting Flask app...
2024-11-13 20:44:43,810 - INFO - Request Path: /, Method: GET, Args: ImmutableMultiDict([]), User: sayan.saha.mtb.736146@gmail.com
2024-11-13 20:44:43,812 - INFO - Accessed welcome page.
2024-11-13 20:44:48,717 - INFO - Request Path: /student_login, Method: GET, Args: ImmutableMultiDict([]), User: sayan.saha.mtb.736146@gmail.com
2024-11-13 20:44:54,120 - INFO - Request Path: /student_login, Method: POST, Args: ImmutableMultiDict([]), User: sayan.saha.mtb.736146@gmail.com
2024-11-13 20:44:54,131 - INFO - Student 'Sayan Saha' logged in.
2024-11-13 20:44:54,143 - INFO - Request Path: /student_dashboard, Method: GET, Args: ImmutableMultiDict([]), User: sayan.saha.mtb.736146@gmail.com
2024-11-13 20:44:54,144 - INFO - Accessed student dashboard. Available assignments: ['AssignmentID', 'DSA', 'DSA2', 'DSA3', 'DSA_4', 'DSA_5', 'DSA_7', 'Hello', 'hhh']
2024-11-13 20:44:56,644 - INFO - Request Path: /view_assignment/Hello, Method: GET, Args: ImmutableMultiDict([]), User: sayan.saha.mtb.736146@gmail.com
2024-11-13 20:44:56,669 - INFO - Viewing assignment 'Hello'. Number of questions: 1
2024-11-13 20:45:25,482 - INFO - Request Path: /upload_solutions/Hello, Method: POST, Args: ImmutableMultiDict([]), User: sayan.saha.mtb.736146@gmail.com
2024-11-13 20:45:25,501 - INFO - Uploaded solution for question #1 by student 'Sayan Saha'.
2024-11-13 20:45:40,845 - INFO - Grading scheduled for assignment 'Hello' for student 'sayan.saha.mtb.736146@gmail.com'.
2024-11-13 20:45:40,856 - INFO - Request Path: /view_assignment/Hello, Method: GET, Args: ImmutableMultiDict([]), User: sayan.saha.mtb.736146@gmail.com
2024-11-13 20:45:40,857 - INFO - Viewing assignment 'Hello'. Number of questions: 1
2024-11-13 20:58:00,122 - INFO - Starting Flask app...
2024-11-13 20:58:44,448 - INFO - Starting Flask app...
2024-11-13 20:58:53,380 - INFO - Starting Flask app...
2024-11-13 20:59:13,293 - INFO - Request Path: /, Method: GET, Args: ImmutableMultiDict([]), User: sayan.saha.mtb.736146@gmail.com
2024-11-13 20:59:13,293 - INFO - Accessed welcome page.
2024-11-13 20:59:15,011 - INFO - Request Path: /student_login, Method: GET, Args: ImmutableMultiDict([]), User: sayan.saha.mtb.736146@gmail.com
2024-11-13 20:59:19,448 - INFO - Request Path: /student_login, Method: POST, Args: ImmutableMultiDict([]), User: sayan.saha.mtb.736146@gmail.com
2024-11-13 20:59:19,578 - INFO - Student 'Sayan Saha' logged in.
2024-11-13 20:59:19,587 - INFO - Request Path: /student_dashboard, Method: GET, Args: ImmutableMultiDict([]), User: sayan.saha.mtb.736146@gmail.com
2024-11-13 20:59:19,589 - INFO - Accessed student dashboard. Available assignments: ['AssignmentID', 'DSA', 'DSA2', 'DSA3', 'DSA_4', 'DSA_5', 'DSA_7', 'Hello', 'hhh']
2024-11-13 20:59:21,408 - INFO - Request Path: /view_assignment/Hello, Method: GET, Args: ImmutableMultiDict([]), User: sayan.saha.mtb.736146@gmail.com
2024-11-13 20:59:21,410 - INFO - Viewing assignment 'Hello'. Number of questions: 1
2024-11-13 20:59:43,713 - INFO - Request Path: /upload_solutions/Hello, Method: POST, Args: ImmutableMultiDict([]), User: sayan.saha.mtb.736146@gmail.com
2024-11-13 20:59:43,725 - INFO - Uploaded solution for question #1 by student 'Sayan Saha'.
2024-11-13 20:59:54,696 - INFO - Grading scheduled for assignment 'Hello' for student 'sayan.saha.mtb.736146@gmail.com'.
2024-11-13 20:59:54,707 - INFO - Request Path: /view_assignment/Hello, Method: GET, Args: ImmutableMultiDict([]), User: sayan.saha.mtb.736146@gmail.com
2024-11-13 20:59:54,708 - INFO - Viewing assignment 'Hello'. Number of questions: 1
2024-11-13 21:01:17,236 - INFO - Request Path: /view_assignment/DSA, Method: GET, Args: ImmutableMultiDict([]), User: sayan.saha.mtb.736146@gmail.com
2024-11-13 21:01:17,278 - INFO - Viewing assignment 'DSA'. Number of questions: 2
2024-11-13 21:01:29,675 - INFO - Request Path: /view_assignment/AssignmentID, Method: GET, Args: ImmutableMultiDict([]), User: sayan.saha.mtb.736146@gmail.com
2024-11-13 21:01:29,749 - INFO - Viewing assignment 'AssignmentID'. Number of questions: 4
2024-11-14 09:53:10,282 - INFO - Starting Flask app...
2024-11-14 09:53:10,736 - INFO - Starting Flask app...
2024-11-14 09:53:43,945 - INFO - Request Path: /, Method: GET, Args: ImmutableMultiDict([]), User: sayan.saha.mtb.736146@gmail.com
2024-11-14 09:53:43,946 - INFO - Accessed welcome page.
2024-11-14 09:55:49,597 - INFO - Request Path: /teacher_login, Method: GET, Args: ImmutableMultiDict([]), User: sayan.saha.mtb.736146@gmail.com
2024-11-14 09:55:49,598 - INFO - Accessed teacher login page.
2024-11-14 09:55:56,116 - INFO - Request Path: /teacher_dashboard, Method: POST, Args: ImmutableMultiDict([]), User: sayan.saha.mtb.736146@gmail.com
2024-11-14 09:55:56,117 - INFO - Teacher dashboard accessed with POST method.
2024-11-14 09:56:08,235 - INFO - Request Path: /create_assignment, Method: GET, Args: ImmutableMultiDict([]), User: sayan.saha.mtb.736146@gmail.com
2024-11-14 09:56:17,886 - INFO - Request Path: /student_login, Method: GET, Args: ImmutableMultiDict([]), User: sayan.saha.mtb.736146@gmail.com
2024-11-14 09:57:00,921 - INFO - Request Path: /student_login, Method: POST, Args: ImmutableMultiDict([]), User: sayan.saha.mtb.736146@gmail.com
2024-11-14 09:57:00,938 - INFO - Student 'Sayan Saha' logged in.
2024-11-14 09:57:00,948 - INFO - Request Path: /student_dashboard, Method: GET, Args: ImmutableMultiDict([]), User: sayan.saha.mtb.736146@gmail.com
2024-11-14 09:57:00,950 - INFO - Accessed student dashboard. Available assignments: ['AssignmentID', 'DSA', 'DSA2', 'DSA3', 'DSA_4', 'DSA_5', 'DSA_7', 'Hello', 'hhh']
2024-11-14 09:57:10,122 - INFO - Request Path: /view_assignment/Hello, Method: GET, Args: ImmutableMultiDict([]), User: sayan.saha.mtb.736146@gmail.com
2024-11-14 09:57:10,124 - INFO - Viewing assignment 'Hello'. Number of questions: 1
2024-11-14 09:57:40,571 - INFO - Request Path: /upload_solutions/Hello, Method: POST, Args: ImmutableMultiDict([]), User: sayan.saha.mtb.736146@gmail.com
2024-11-14 09:57:40,599 - INFO - Uploaded solution for question #1 by student 'Sayan Saha'.
2024-11-14 09:57:45,139 - INFO - Grading scheduled for assignment 'Hello' for student 'sayan.saha.mtb.736146@gmail.com'.
2024-11-14 09:57:45,155 - INFO - Request Path: /view_assignment/Hello, Method: GET, Args: ImmutableMultiDict([]), User: sayan.saha.mtb.736146@gmail.com
2024-11-14 09:57:45,156 - INFO - Viewing assignment 'Hello'. Number of questions: 1
2024-11-14 10:00:22,542 - INFO - Request Path: /upload_solutions/Hello, Method: POST, Args: ImmutableMultiDict([]), User: sayan.saha.mtb.736146@gmail.com
2024-11-14 10:00:22,550 - INFO - Uploaded solution for question #1 by student 'Sayan Saha'.
2024-11-14 10:00:26,002 - INFO - Grading scheduled for assignment 'Hello' for student 'sayan.saha.mtb.736146@gmail.com'.
2024-11-14 10:00:26,013 - INFO - Request Path: /view_assignment/Hello, Method: GET, Args: ImmutableMultiDict([]), User: sayan.saha.mtb.736146@gmail.com
2024-11-14 10:00:26,014 - INFO - Viewing assignment 'Hello'. Number of questions: 1
2024-11-14 10:04:22,136 - INFO - Request Path: /view_assignment/DSA_7, Method: GET, Args: ImmutableMultiDict([]), User: sayan.saha.mtb.736146@gmail.com
2024-11-14 10:04:22,180 - INFO - Viewing assignment 'DSA_7'. Number of questions: 2
2024-11-14 10:07:34,963 - INFO - Request Path: /upload_solutions/DSA_7, Method: POST, Args: ImmutableMultiDict([]), User: sayan.saha.mtb.736146@gmail.com
2024-11-14 10:07:34,990 - INFO - Uploaded solution for question #1 by student 'Sayan Saha'.
2024-11-14 10:07:34,992 - INFO - Uploaded solution for question #2 by student 'Sayan Saha'.
2024-11-14 10:07:52,429 - INFO - Grading scheduled for assignment 'DSA_7' for student 'sayan.saha.mtb.736146@gmail.com'.
2024-11-14 10:07:52,440 - INFO - Request Path: /view_assignment/DSA_7, Method: GET, Args: ImmutableMultiDict([]), User: sayan.saha.mtb.736146@gmail.com
2024-11-14 10:07:52,441 - INFO - Viewing assignment 'DSA_7'. Number of questions: 2
